[debug] [2024-02-01T06:21:35.655Z] ----------------------------------------------------------------------
[debug] [2024-02-01T06:21:35.658Z] Command:       C:\Program Files\nodejs\node.exe C:\Users\chara\AppData\Roaming\npm\node_modules\firebase-tools\lib\bin\firebase.js init
[debug] [2024-02-01T06:21:35.659Z] CLI Version:   13.0.2
[debug] [2024-02-01T06:21:35.659Z] Platform:      win32
[debug] [2024-02-01T06:21:35.659Z] Node Version:  v20.9.0
[debug] [2024-02-01T06:21:35.659Z] Time:          Thu Feb 01 2024 11:51:35 GMT+0530 (India Standard Time)
[debug] [2024-02-01T06:21:35.660Z] ----------------------------------------------------------------------
[debug] 
[debug] [2024-02-01T06:21:35.662Z] >>> [apiv2][query] GET https://firebase-public.firebaseio.com/cli.json [none]
[debug] [2024-02-01T06:21:35.720Z] > command requires scopes: ["email","openid","https://www.googleapis.com/auth/cloudplatformprojects.readonly","https://www.googleapis.com/auth/firebase","https://www.googleapis.com/auth/cloud-platform"]
[debug] [2024-02-01T06:21:35.721Z] > authorizing via signed-in user (charanjoseph00@gmail.com)
[info] 
     ######## #### ########  ######## ########     ###     ######  ########
     ##        ##  ##     ## ##       ##     ##  ##   ##  ##       ##
     ######    ##  ########  ######   ########  #########  ######  ######
     ##        ##  ##    ##  ##       ##     ## ##     ##       ## ##
     ##       #### ##     ## ######## ########  ##     ##  ######  ########

You're about to initialize a Firebase project in this directory:

  C:\Users\chara\OneDrive\Documents\web development\pharmacy

[debug] [2024-02-01T06:21:36.515Z] <<< [apiv2][status] GET https://firebase-public.firebaseio.com/cli.json 200
[debug] [2024-02-01T06:21:36.517Z] <<< [apiv2][body] GET https://firebase-public.firebaseio.com/cli.json {"cloudBuildErrorAfter":1594252800000,"cloudBuildWarnAfter":1590019200000,"defaultNode10After":1594252800000,"minVersion":"3.0.5","node8DeploysDisabledAfter":1613390400000,"node8RuntimeDisabledAfter":1615809600000,"node8WarnAfter":1600128000000}
[info] 
=== Project Setup
[info] 
[info] First, let's associate this project directory with a Firebase project.
[info] You can create multiple project aliases by running firebase use --add, 
[info] but for now we'll just set up a default project.
[info] 
[debug] [2024-02-01T06:22:03.313Z] > refreshing access token with scopes: []
[debug] [2024-02-01T06:22:03.315Z] >>> [apiv2][query] POST https://www.googleapis.com/oauth2/v3/token [none]
[debug] [2024-02-01T06:22:03.315Z] >>> [apiv2][body] POST https://www.googleapis.com/oauth2/v3/token [omitted]
[debug] [2024-02-01T06:22:03.585Z] <<< [apiv2][status] POST https://www.googleapis.com/oauth2/v3/token 200
[debug] [2024-02-01T06:22:03.586Z] <<< [apiv2][body] POST https://www.googleapis.com/oauth2/v3/token [omitted]
[debug] [2024-02-01T06:22:03.614Z] >>> [apiv2][query] GET https://firebase.googleapis.com/v1beta1/projects pageSize=100
[debug] [2024-02-01T06:22:04.344Z] <<< [apiv2][status] GET https://firebase.googleapis.com/v1beta1/projects 200
[debug] [2024-02-01T06:22:04.345Z] <<< [apiv2][body] GET https://firebase.googleapis.com/v1beta1/projects [omitted]
[info] i  Using project pharmacy-fc1e9 (pharmacy) 
[info] 
=== Hosting Setup
[debug] [2024-02-01T06:22:08.437Z] >>> [apiv2][query] GET https://firebase.googleapis.com/v1beta1/projects/pharmacy-fc1e9 [none]
[debug] [2024-02-01T06:22:08.824Z] <<< [apiv2][status] GET https://firebase.googleapis.com/v1beta1/projects/pharmacy-fc1e9 200
[debug] [2024-02-01T06:22:08.825Z] <<< [apiv2][body] GET https://firebase.googleapis.com/v1beta1/projects/pharmacy-fc1e9 {"projectId":"pharmacy-fc1e9","projectNumber":"10785709389","displayName":"pharmacy","name":"projects/pharmacy-fc1e9","resources":{"hostingSite":"pharmacy-fc1e9"},"state":"ACTIVE","etag":"1_87d3d15e-a4fd-4727-9aa5-2f8cb4d66a7f"}
[info] 
[info] Your public directory is the folder (relative to your project directory) that
[info] will contain Hosting assets to be uploaded with firebase deploy. If you
[info] have a build process for your assets, use your build's output directory.
[info] 
[debug] [2024-02-01T06:23:07.696Z] >>> [apiv2][query] GET https://www.gstatic.com/firebasejs/releases.json [none]
[debug] [2024-02-01T06:23:07.904Z] <<< [apiv2][status] GET https://www.gstatic.com/firebasejs/releases.json 200
[debug] [2024-02-01T06:23:07.905Z] <<< [apiv2][body] GET https://www.gstatic.com/firebasejs/releases.json {"current":{"version":"10.7.2","browserURL":"https://www.gstatic.com/firebasejs/10.7.2/firebase.js","packageURL":"https://www.gstatic.com/firebasejs/10.7.2/firebase.tgz"},"live":{"version":"10.7","browserURL":"https://www.gstatic.com/firebasejs/live/10.7/firebase.js","packageURL":"https://www.gstatic.com/firebasejs/live/10.7/firebase.tgz"},"components":{"analytics":"https://www.gstatic.com/firebasejs/10.7.2/firebase-analytics.js","app":"https://www.gstatic.com/firebasejs/10.7.2/firebase-app.js","app-check":"https://www.gstatic.com/firebasejs/10.7.2/firebase-app-check.js","auth":"https://www.gstatic.com/firebasejs/10.7.2/firebase-auth.js","auth/cordova":"https://www.gstatic.com/firebasejs/10.7.2/firebase-auth/cordova.js","functions":"https://www.gstatic.com/firebasejs/10.7.2/firebase-functions.js","firestore":"https://www.gstatic.com/firebasejs/10.7.2/firebase-firestore.js","firestore/lite":"https://www.gstatic.com/firebasejs/10.7.2/firebase-firestore/lite.js","installations":"https://www.gstatic.com/firebasejs/10.7.2/firebase-installations.js","storage":"https://www.gstatic.com/firebasejs/10.7.2/firebase-storage.js","performance":"https://www.gstatic.com/firebasejs/10.7.2/firebase-performance.js","remote-config":"https://www.gstatic.com/firebasejs/10.7.2/firebase-remote-config.js","messaging":"https://www.gstatic.com/firebasejs/10.7.2/firebase-messaging.js","messaging/sw":"https://www.gstatic.com/firebasejs/10.7.2/firebase-messaging/sw.js","database":"https://www.gstatic.com/firebasejs/10.7.2/firebase-database.js","firestore.memory":"https://www.gstatic.com/firebasejs/10.7.2/firebase-firestore.memory.js"}}
[info] i  Skipping write of build/index.html 
[info] 
[info] i  Detected a .git folder at C:\Users\chara\OneDrive\Documents\web development\pharmacy 
[info] i  Authorizing with GitHub to upload your service account to a GitHub repository's secrets store. 
[info] 
[info] Visit this URL on this device to log in:
[info] https://github.com/login/oauth/authorize?client_id=89cf50f02ac6aaed3484&state=1018934966&redirect_uri=http%3A%2F%2Flocalhost%3A9005&scope=read%3Auser%20repo%20public_repo
[info] 
[info] Waiting for authentication...
[debug] [2024-02-01T06:23:30.136Z] >>> [apiv2][query] POST https://github.com/login/oauth/access_token [none]
[debug] [2024-02-01T06:23:30.136Z] >>> [apiv2][body] POST https://github.com/login/oauth/access_token [stream]
[debug] [2024-02-01T06:23:30.648Z] <<< [apiv2][status] POST https://github.com/login/oauth/access_token 200
[debug] [2024-02-01T06:23:30.648Z] <<< [apiv2][body] POST https://github.com/login/oauth/access_token {"access_token":"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","token_type":"bearer","scope":"read:user,repo"}
[debug] [2024-02-01T06:23:30.677Z] >>> [apiv2][query] GET https://api.github.com/user [none]
[debug] [2024-02-01T06:23:31.174Z] <<< [apiv2][status] GET https://api.github.com/user 200
[debug] [2024-02-01T06:23:31.174Z] <<< [apiv2][body] GET https://api.github.com/user {"login":"charanjose16","id":97113209,"node_id":"U_kgDOBcnUeQ","avatar_url":"https://avatars.githubusercontent.com/u/97113209?v=4","gravatar_id":"","url":"https://api.github.com/users/charanjose16","html_url":"https://github.com/charanjose16","followers_url":"https://api.github.com/users/charanjose16/followers","following_url":"https://api.github.com/users/charanjose16/following{/other_user}","gists_url":"https://api.github.com/users/charanjose16/gists{/gist_id}","starred_url":"https://api.github.com/users/charanjose16/starred{/owner}{/repo}","subscriptions_url":"https://api.github.com/users/charanjose16/subscriptions","organizations_url":"https://api.github.com/users/charanjose16/orgs","repos_url":"https://api.github.com/users/charanjose16/repos","events_url":"https://api.github.com/users/charanjose16/events{/privacy}","received_events_url":"https://api.github.com/users/charanjose16/received_events","type":"User","site_admin":false,"name":"Charan Joseph","company":null,"blog":"","location":null,"email":null,"hireable":null,"bio":"Full Stack Developer","twitter_username":null,"public_repos":28,"public_gists":0,"followers":0,"following":5,"created_at":"2022-01-04T15:36:03Z","updated_at":"2024-02-01T06:23:29Z","private_gists":0,"total_private_repos":0,"owned_private_repos":0,"disk_usage":87008,"collaborators":0,"two_factor_authentication":false,"plan":{"name":"free","space":976562499,"collaborators":0,"private_repos":10000}}
[info] 
[info] +  Success! Logged into GitHub as charanjose16 
[info] 
[debug] [2024-02-01T06:24:24.243Z] >>> [apiv2][query] GET https://api.github.com/repos/charanjose16/pharmacy/actions/secrets/public-key type=owner
[debug] [2024-02-01T06:24:24.820Z] <<< [apiv2][status] GET https://api.github.com/repos/charanjose16/pharmacy/actions/secrets/public-key 404
[debug] [2024-02-01T06:24:24.821Z] <<< [apiv2][body] GET https://api.github.com/repos/charanjose16/pharmacy/actions/secrets/public-key {"message":"Not Found","documentation_url":"https://docs.github.com/rest/actions/secrets#get-a-repository-public-key"}
[info] 
[info] 
[error] !  The provided authorization cannot be used with this repository. If this repository is in an organization, did you remember to grant access? 
[info] 
[info] i  Action required: Visit this URL to ensure access has been granted to the appropriate organization(s) for the Firebase CLI GitHub OAuth App: 
[info] https://github.com/settings/connections/applications/89cf50f02ac6aaed3484
[info] 
